08/20/2021 19:19:42 - INFO - __main__ - **********  Configuration Arguments **********
08/20/2021 19:19:42 - INFO - __main__ - adam_epsilon: 1e-06
08/20/2021 19:19:42 - INFO - __main__ - device: gpu
08/20/2021 19:19:42 - INFO - __main__ - eval_batch_size: 64
08/20/2021 19:19:42 - INFO - __main__ - gradient_accumulation_steps: 1
08/20/2021 19:19:42 - INFO - __main__ - is_test: False
08/20/2021 19:19:42 - INFO - __main__ - learning_rate: 0.0001
08/20/2021 19:19:42 - INFO - __main__ - logdir: outputs/qqp/logs
08/20/2021 19:19:42 - INFO - __main__ - logging_steps: 1000
08/20/2021 19:19:42 - INFO - __main__ - max_grad_norm: 1.0
08/20/2021 19:19:42 - INFO - __main__ - max_seq_length: 256
08/20/2021 19:19:42 - INFO - __main__ - max_train_steps: -1
08/20/2021 19:19:42 - INFO - __main__ - model_name_or_path: ../t5-base
08/20/2021 19:19:42 - INFO - __main__ - num_train_epochs: 3
08/20/2021 19:19:42 - INFO - __main__ - num_workers: 2
08/20/2021 19:19:42 - INFO - __main__ - output_dir: outputs/qqp/
08/20/2021 19:19:42 - INFO - __main__ - save_steps: 1000
08/20/2021 19:19:42 - INFO - __main__ - scale_loss: 32768
08/20/2021 19:19:42 - INFO - __main__ - scheduler_type: linear
08/20/2021 19:19:42 - INFO - __main__ - seed: 42
08/20/2021 19:19:42 - INFO - __main__ - task_name: qqp
08/20/2021 19:19:42 - INFO - __main__ - train_batch_size: 32
08/20/2021 19:19:42 - INFO - __main__ - use_amp: False
08/20/2021 19:19:42 - INFO - __main__ - warmup_radio: 0.1
08/20/2021 19:19:42 - INFO - __main__ - warmup_steps: -1
08/20/2021 19:19:42 - INFO - __main__ - weight_decay: 0.01
08/20/2021 19:19:42 - INFO - __main__ - writer_type: visualdl
08/20/2021 19:19:42 - INFO - __main__ - **************************************************
08/20/2021 19:19:50 - INFO - __main__ - ********** Running training **********
08/20/2021 19:19:50 - INFO - __main__ -   Num examples = 363846
08/20/2021 19:19:50 - INFO - __main__ -   Num Epochs = 3
08/20/2021 19:19:50 - INFO - __main__ -   Instantaneous train batch size = 32
08/20/2021 19:19:50 - INFO - __main__ -   Instantaneous eval batch size = 64
08/20/2021 19:19:50 - INFO - __main__ -   Total train batch size (w. accumulation) = 32
08/20/2021 19:19:50 - INFO - __main__ -   Gradient Accumulation steps = 1
08/20/2021 19:19:50 - INFO - __main__ -   Total optimization steps = 34113
08/20/2021 19:22:30 - INFO - __main__ - global_steps 1000 - lr: 0.0000293169  loss: 0.03217126
08/20/2021 19:22:30 - INFO - __main__ - ********** Running evaluating **********
08/20/2021 19:22:30 - INFO - __main__ - ********** Step 1000 **********
08/20/2021 19:26:33 - INFO - __main__ -   f1 = 86.01938445842544
08/20/2021 19:26:33 - INFO - __main__ -   accuracy = 89.83180806331931
08/20/2021 19:26:41 - INFO - __main__ - ********** Evaluating Done **********
08/20/2021 19:29:20 - INFO - __main__ - global_steps 2000 - lr: 0.0000586338  loss: 0.03510185
08/20/2021 19:29:20 - INFO - __main__ - ********** Running evaluating **********
08/20/2021 19:29:20 - INFO - __main__ - ********** Step 2000 **********
08/20/2021 19:33:23 - INFO - __main__ -   f1 = 86.16397760948303
08/20/2021 19:33:23 - INFO - __main__ -   accuracy = 89.60672767746722
08/20/2021 19:33:31 - INFO - __main__ - ********** Evaluating Done **********
08/20/2021 19:36:08 - INFO - __main__ - global_steps 3000 - lr: 0.0000879507  loss: 0.03813776
08/20/2021 19:36:08 - INFO - __main__ - ********** Running evaluating **********
08/20/2021 19:36:08 - INFO - __main__ - ********** Step 3000 **********
08/20/2021 19:40:12 - INFO - __main__ -   f1 = 86.02150537634408
08/20/2021 19:40:12 - INFO - __main__ -   accuracy = 89.45337620578778
08/20/2021 19:40:20 - INFO - __main__ - ********** Evaluating Done **********
08/20/2021 19:42:58 - INFO - __main__ - global_steps 4000 - lr: 0.0000980816  loss: 0.03986337
08/20/2021 19:42:58 - INFO - __main__ - ********** Running evaluating **********
08/20/2021 19:42:58 - INFO - __main__ - ********** Step 4000 **********
08/20/2021 19:47:02 - INFO - __main__ -   f1 = 83.47880954884847
08/20/2021 19:47:02 - INFO - __main__ -   accuracy = 88.34281474152857
08/20/2021 19:47:11 - INFO - __main__ - ********** Evaluating Done **********
08/20/2021 19:49:48 - INFO - __main__ - global_steps 5000 - lr: 0.0000948244  loss: 0.03937540
08/20/2021 19:49:48 - INFO - __main__ - ********** Running evaluating **********
08/20/2021 19:49:48 - INFO - __main__ - ********** Step 5000 **********
08/20/2021 19:53:52 - INFO - __main__ -   f1 = 86.31842392350639
08/20/2021 19:53:52 - INFO - __main__ -   accuracy = 89.45337620578778
08/20/2021 19:54:00 - INFO - __main__ - ********** Evaluating Done **********
08/20/2021 19:56:37 - INFO - __main__ - global_steps 6000 - lr: 0.0000915673  loss: 0.03939584
08/20/2021 19:56:37 - INFO - __main__ - ********** Running evaluating **********
08/20/2021 19:56:37 - INFO - __main__ - ********** Step 6000 **********
08/20/2021 20:00:40 - INFO - __main__ -   f1 = 85.7653674869161
08/20/2021 20:00:40 - INFO - __main__ -   accuracy = 89.16893395993074
08/20/2021 20:00:48 - INFO - __main__ - ********** Evaluating Done **********
08/20/2021 20:03:26 - INFO - __main__ - global_steps 7000 - lr: 0.0000883102  loss: 0.03874776
08/20/2021 20:03:26 - INFO - __main__ - ********** Running evaluating **********
08/20/2021 20:03:26 - INFO - __main__ - ********** Step 7000 **********
08/20/2021 20:07:29 - INFO - __main__ -   f1 = 86.24087818873573
08/20/2021 20:07:29 - INFO - __main__ -   accuracy = 89.08731140242394
08/20/2021 20:07:37 - INFO - __main__ - ********** Evaluating Done **********
08/20/2021 20:10:15 - INFO - __main__ - global_steps 8000 - lr: 0.0000850531  loss: 0.03761482
08/20/2021 20:10:15 - INFO - __main__ - ********** Running evaluating **********
08/20/2021 20:10:15 - INFO - __main__ - ********** Step 8000 **********
08/20/2021 20:14:17 - INFO - __main__ -   f1 = 86.21234131244869
08/20/2021 20:14:17 - INFO - __main__ -   accuracy = 89.20108830076676
08/20/2021 20:14:25 - INFO - __main__ - ********** Evaluating Done **********
08/20/2021 20:17:03 - INFO - __main__ - global_steps 9000 - lr: 0.0000817960  loss: 0.03707725
08/20/2021 20:17:03 - INFO - __main__ - ********** Running evaluating **********
08/20/2021 20:17:03 - INFO - __main__ - ********** Step 9000 **********
08/20/2021 20:21:06 - INFO - __main__ -   f1 = 87.11841115073784
08/20/2021 20:21:06 - INFO - __main__ -   accuracy = 90.26218154835519
08/20/2021 20:21:15 - INFO - __main__ - ********** Evaluating Done **********
08/20/2021 20:23:52 - INFO - __main__ - global_steps 10000 - lr: 0.0000785389  loss: 0.03681627
08/20/2021 20:23:52 - INFO - __main__ - ********** Running evaluating **********
08/20/2021 20:23:52 - INFO - __main__ - ********** Step 10000 **********
08/20/2021 20:27:55 - INFO - __main__ -   f1 = 87.1967057332911
08/20/2021 20:27:55 - INFO - __main__ -   accuracy = 90.00247341083355
08/20/2021 20:28:04 - INFO - __main__ - ********** Evaluating Done **********
08/20/2021 20:30:42 - INFO - __main__ - global_steps 11000 - lr: 0.0000752817  loss: 0.03657139
08/20/2021 20:30:42 - INFO - __main__ - ********** Running evaluating **********
08/20/2021 20:30:42 - INFO - __main__ - ********** Step 11000 **********
08/20/2021 20:34:47 - INFO - __main__ -   f1 = 87.55571231602912
08/20/2021 20:34:47 - INFO - __main__ -   accuracy = 90.40069255503339
08/20/2021 20:34:55 - INFO - __main__ - ********** Evaluating Done **********
08/20/2021 20:37:33 - INFO - __main__ - global_steps 12000 - lr: 0.0000720246  loss: 0.03159401
08/20/2021 20:37:33 - INFO - __main__ - ********** Running evaluating **********
08/20/2021 20:37:33 - INFO - __main__ - ********** Step 12000 **********
08/20/2021 20:41:37 - INFO - __main__ -   f1 = 87.54170933958835
08/20/2021 20:41:37 - INFO - __main__ -   accuracy = 90.67276774672273
08/20/2021 20:41:45 - INFO - __main__ - ********** Evaluating Done **********
08/20/2021 20:44:22 - INFO - __main__ - global_steps 13000 - lr: 0.0000687675  loss: 0.02866534
08/20/2021 20:44:22 - INFO - __main__ - ********** Running evaluating **********
08/20/2021 20:44:22 - INFO - __main__ - ********** Step 13000 **********
08/20/2021 20:48:25 - INFO - __main__ -   f1 = 87.64339560799739
08/20/2021 20:48:25 - INFO - __main__ -   accuracy = 90.67524115755627
08/20/2021 20:48:33 - INFO - __main__ - ********** Evaluating Done **********
08/20/2021 20:51:11 - INFO - __main__ - global_steps 14000 - lr: 0.0000655104  loss: 0.02921017
08/20/2021 20:51:11 - INFO - __main__ - ********** Running evaluating **********
08/20/2021 20:51:11 - INFO - __main__ - ********** Step 14000 **********
08/20/2021 20:55:16 - INFO - __main__ -   f1 = 87.58022894197049
08/20/2021 20:55:16 - INFO - __main__ -   accuracy = 90.71481573089291
08/20/2021 20:55:25 - INFO - __main__ - ********** Evaluating Done **********
08/20/2021 20:58:03 - INFO - __main__ - global_steps 15000 - lr: 0.0000622533  loss: 0.02860306
08/20/2021 20:58:03 - INFO - __main__ - ********** Running evaluating **********
08/20/2021 20:58:03 - INFO - __main__ - ********** Step 15000 **********
08/20/2021 21:02:06 - INFO - __main__ -   f1 = 87.40987983978638
08/20/2021 21:02:06 - INFO - __main__ -   accuracy = 90.6702943358892
08/20/2021 21:02:15 - INFO - __main__ - ********** Evaluating Done **********
08/20/2021 21:04:52 - INFO - __main__ - global_steps 16000 - lr: 0.0000589962  loss: 0.02782831
08/20/2021 21:04:52 - INFO - __main__ - ********** Running evaluating **********
08/20/2021 21:04:52 - INFO - __main__ - ********** Step 16000 **********
08/20/2021 21:08:53 - INFO - __main__ -   f1 = 87.73356061102734
08/20/2021 21:08:53 - INFO - __main__ -   accuracy = 90.74449666089538
08/20/2021 21:09:02 - INFO - __main__ - ********** Evaluating Done **********
08/20/2021 21:11:39 - INFO - __main__ - global_steps 17000 - lr: 0.0000557390  loss: 0.02927470
08/20/2021 21:11:39 - INFO - __main__ - ********** Running evaluating **********
08/20/2021 21:11:39 - INFO - __main__ - ********** Step 17000 **********
08/20/2021 21:15:44 - INFO - __main__ -   f1 = 87.87512588116817
08/20/2021 21:15:44 - INFO - __main__ -   accuracy = 91.06604006925551
08/20/2021 21:15:52 - INFO - __main__ - ********** Evaluating Done **********
08/20/2021 21:18:31 - INFO - __main__ - global_steps 18000 - lr: 0.0000524819  loss: 0.02879955
08/20/2021 21:18:31 - INFO - __main__ - ********** Running evaluating **********
08/20/2021 21:18:31 - INFO - __main__ - ********** Step 18000 **********
08/20/2021 21:22:35 - INFO - __main__ -   f1 = 88.04469273743017
08/20/2021 21:22:35 - INFO - __main__ -   accuracy = 91.00173138758348
08/20/2021 21:22:43 - INFO - __main__ - ********** Evaluating Done **********
08/20/2021 21:25:21 - INFO - __main__ - global_steps 19000 - lr: 0.0000492248  loss: 0.02722360
08/20/2021 21:25:21 - INFO - __main__ - ********** Running evaluating **********
08/20/2021 21:25:21 - INFO - __main__ - ********** Step 19000 **********
08/20/2021 21:29:24 - INFO - __main__ -   f1 = 88.31330023517114
08/20/2021 21:29:24 - INFO - __main__ -   accuracy = 91.15013603759584
08/20/2021 21:29:33 - INFO - __main__ - ********** Evaluating Done **********
08/20/2021 21:32:10 - INFO - __main__ - global_steps 20000 - lr: 0.0000459677  loss: 0.02792971
08/20/2021 21:32:10 - INFO - __main__ - ********** Running evaluating **********
08/20/2021 21:32:10 - INFO - __main__ - ********** Step 20000 **********
08/20/2021 21:36:15 - INFO - __main__ -   f1 = 88.1649375536906
08/20/2021 21:36:15 - INFO - __main__ -   accuracy = 91.14024239426169
08/20/2021 21:36:23 - INFO - __main__ - ********** Evaluating Done **********
08/20/2021 21:39:01 - INFO - __main__ - global_steps 21000 - lr: 0.0000427106  loss: 0.02712061
08/20/2021 21:39:01 - INFO - __main__ - ********** Running evaluating **********
08/20/2021 21:39:01 - INFO - __main__ - ********** Step 21000 **********
08/20/2021 21:43:04 - INFO - __main__ -   f1 = 88.44073113736034
08/20/2021 21:43:04 - INFO - __main__ -   accuracy = 91.06851348008904
08/20/2021 21:43:13 - INFO - __main__ - ********** Evaluating Done **********
08/20/2021 21:45:50 - INFO - __main__ - global_steps 22000 - lr: 0.0000394535  loss: 0.02734005
08/20/2021 21:45:50 - INFO - __main__ - ********** Running evaluating **********
08/20/2021 21:45:50 - INFO - __main__ - ********** Step 22000 **********
08/20/2021 21:49:53 - INFO - __main__ -   f1 = 88.39959491685995
08/20/2021 21:49:53 - INFO - __main__ -   accuracy = 91.2169181301014
08/20/2021 21:50:01 - INFO - __main__ - ********** Evaluating Done **********
08/20/2021 21:52:39 - INFO - __main__ - global_steps 23000 - lr: 0.0000361963  loss: 0.02491355
08/20/2021 21:52:39 - INFO - __main__ - ********** Running evaluating **********
08/20/2021 21:52:39 - INFO - __main__ - ********** Step 23000 **********
08/20/2021 21:56:41 - INFO - __main__ -   f1 = 88.2713173134527
08/20/2021 21:56:41 - INFO - __main__ -   accuracy = 91.28370022260698
08/20/2021 21:56:50 - INFO - __main__ - ********** Evaluating Done **********
08/20/2021 21:59:27 - INFO - __main__ - global_steps 24000 - lr: 0.0000329392  loss: 0.01906745
08/20/2021 21:59:27 - INFO - __main__ - ********** Running evaluating **********
08/20/2021 21:59:27 - INFO - __main__ - ********** Step 24000 **********
08/20/2021 22:03:30 - INFO - __main__ -   f1 = 88.09335443037975
08/20/2021 22:03:30 - INFO - __main__ -   accuracy = 91.06604006925551
08/20/2021 22:03:39 - INFO - __main__ - ********** Evaluating Done **********
08/20/2021 22:06:16 - INFO - __main__ - global_steps 25000 - lr: 0.0000296821  loss: 0.01972742
08/20/2021 22:06:16 - INFO - __main__ - ********** Running evaluating **********
08/20/2021 22:06:16 - INFO - __main__ - ********** Step 25000 **********
08/20/2021 22:10:17 - INFO - __main__ -   f1 = 88.33929215731295
08/20/2021 22:10:17 - INFO - __main__ -   accuracy = 91.20702448676725
08/20/2021 22:10:25 - INFO - __main__ - ********** Evaluating Done **********
08/20/2021 22:13:03 - INFO - __main__ - global_steps 26000 - lr: 0.0000264250  loss: 0.01841758
08/20/2021 22:13:03 - INFO - __main__ - ********** Running evaluating **********
08/20/2021 22:13:03 - INFO - __main__ - ********** Step 26000 **********
08/20/2021 22:17:07 - INFO - __main__ -   f1 = 88.3839524900752
08/20/2021 22:17:07 - INFO - __main__ -   accuracy = 91.09819441009151
08/20/2021 22:17:16 - INFO - __main__ - ********** Evaluating Done **********
08/20/2021 22:19:53 - INFO - __main__ - global_steps 27000 - lr: 0.0000231679  loss: 0.01907194
08/20/2021 22:19:53 - INFO - __main__ - ********** Running evaluating **********
08/20/2021 22:19:53 - INFO - __main__ - ********** Step 27000 **********
08/20/2021 22:23:57 - INFO - __main__ -   f1 = 88.33686160359882
08/20/2021 22:23:57 - INFO - __main__ -   accuracy = 91.27875340093989
08/20/2021 22:24:06 - INFO - __main__ - ********** Evaluating Done **********
08/20/2021 22:26:43 - INFO - __main__ - global_steps 28000 - lr: 0.0000199108  loss: 0.01892026
08/20/2021 22:26:43 - INFO - __main__ - ********** Running evaluating **********
08/20/2021 22:26:43 - INFO - __main__ - ********** Step 28000 **********
08/20/2021 22:30:45 - INFO - __main__ -   f1 = 88.52952730129631
08/20/2021 22:30:45 - INFO - __main__ -   accuracy = 91.33316843927777
08/20/2021 22:30:53 - INFO - __main__ - ********** Evaluating Done **********
08/20/2021 22:33:32 - INFO - __main__ - global_steps 29000 - lr: 0.0000166536  loss: 0.01824487
08/20/2021 22:33:32 - INFO - __main__ - ********** Running evaluating **********
08/20/2021 22:33:32 - INFO - __main__ - ********** Step 29000 **********
08/20/2021 22:37:34 - INFO - __main__ -   f1 = 88.64605893548598
08/20/2021 22:37:34 - INFO - __main__ -   accuracy = 91.4419985159535
08/20/2021 22:37:43 - INFO - __main__ - ********** Evaluating Done **********
08/20/2021 22:40:21 - INFO - __main__ - global_steps 30000 - lr: 0.0000133965  loss: 0.01899424
08/20/2021 22:40:21 - INFO - __main__ - ********** Running evaluating **********
08/20/2021 22:40:21 - INFO - __main__ - ********** Step 30000 **********
08/20/2021 22:44:24 - INFO - __main__ -   f1 = 88.73582915897705
08/20/2021 22:44:24 - INFO - __main__ -   accuracy = 91.54588177096215
08/20/2021 22:44:32 - INFO - __main__ - ********** Evaluating Done **********
08/20/2021 22:47:10 - INFO - __main__ - global_steps 31000 - lr: 0.0000101394  loss: 0.01827505
08/20/2021 22:47:10 - INFO - __main__ - ********** Running evaluating **********
08/20/2021 22:47:10 - INFO - __main__ - ********** Step 31000 **********
08/20/2021 22:51:12 - INFO - __main__ -   f1 = 88.60984773581175
08/20/2021 22:51:12 - INFO - __main__ -   accuracy = 91.45189215928767
08/20/2021 22:51:20 - INFO - __main__ - ********** Evaluating Done **********
08/20/2021 22:53:58 - INFO - __main__ - global_steps 32000 - lr: 0.0000068823  loss: 0.01841298
08/20/2021 22:53:58 - INFO - __main__ - ********** Running evaluating **********
08/20/2021 22:53:58 - INFO - __main__ - ********** Step 32000 **********
08/20/2021 22:58:02 - INFO - __main__ -   f1 = 88.80094197684306
08/20/2021 22:58:02 - INFO - __main__ -   accuracy = 91.53104130596093
08/20/2021 22:58:10 - INFO - __main__ - ********** Evaluating Done **********
08/20/2021 23:00:46 - INFO - __main__ - global_steps 33000 - lr: 0.0000036252  loss: 0.01837702
08/20/2021 23:00:46 - INFO - __main__ - ********** Running evaluating **********
08/20/2021 23:00:46 - INFO - __main__ - ********** Step 33000 **********
08/20/2021 23:04:47 - INFO - __main__ -   f1 = 88.86633047350843
08/20/2021 23:04:47 - INFO - __main__ -   accuracy = 91.59040316596587
08/20/2021 23:04:56 - INFO - __main__ - ********** Evaluating Done **********
08/20/2021 23:07:33 - INFO - __main__ - global_steps 34000 - lr: 0.0000003681  loss: 0.01792400
08/20/2021 23:07:33 - INFO - __main__ - ********** Running evaluating **********
08/20/2021 23:07:33 - INFO - __main__ - ********** Step 34000 **********
08/20/2021 23:11:36 - INFO - __main__ -   f1 = 88.8178913738019
08/20/2021 23:11:36 - INFO - __main__ -   accuracy = 91.60277022013356
08/20/2021 23:11:44 - INFO - __main__ - ********** Evaluating Done **********
08/20/2021 23:12:02 - INFO - __main__ - ********** Running evaluating **********
08/20/2021 23:12:02 - INFO - __main__ - ********** Step 34113 **********
08/20/2021 23:16:03 - INFO - __main__ -   f1 = 88.81864875543263
08/20/2021 23:16:03 - INFO - __main__ -   accuracy = 91.60029680930003
08/20/2021 23:16:11 - INFO - __main__ - ********** Evaluating Done **********
08/20/2021 23:16:11 - INFO - __main__ - ********** Training Done **********
